0 info it worked if it ends with ok
1 verbose cli [ 'node', '/usr/local/bin/npm', 'install', 'hexo-cli', '-g' ]
2 info using npm@2.5.1
3 info using node@v0.12.0
4 silly cache add args [ 'hexo-cli', null ]
5 verbose cache add spec hexo-cli
6 silly cache add parsed spec { raw: 'hexo-cli',
6 silly cache add   scope: null,
6 silly cache add   name: 'hexo-cli',
6 silly cache add   rawSpec: '',
6 silly cache add   spec: '*',
6 silly cache add   type: 'range' }
7 verbose addNamed hexo-cli@*
8 silly addNamed semver.valid null
9 silly addNamed semver.validRange *
10 silly addNameRange { name: 'hexo-cli', range: '*', hasData: false }
11 silly mapToRegistry name hexo-cli
12 silly mapToRegistry using default registry
13 silly mapToRegistry registry https://registry.npmjs.org/
14 silly mapToRegistry uri https://registry.npmjs.org/hexo-cli
15 verbose addNameRange registry:https://registry.npmjs.org/hexo-cli not in flight; fetching
16 verbose request uri https://registry.npmjs.org/hexo-cli
17 verbose request no auth needed
18 info attempt registry request try #1 at 21:39:57
19 verbose request id 4c3cfcb82b99373c
20 http request GET https://registry.npmjs.org/hexo-cli
21 http 200 https://registry.npmjs.org/hexo-cli
22 silly get cb [ 200,
22 silly get   { 'content-type': 'application/json; charset=UTF-8',
22 silly get     server: 'UploadServer',
22 silly get     'cache-control': 'max-age=300',
22 silly get     'last-modified': 'Thu, 28 Dec 2017 11:12:35 GMT',
22 silly get     etag: '"5a44d1a3-74ce"',
22 silly get     'content-encoding': 'gzip',
22 silly get     'content-length': '3793',
22 silly get     'accept-ranges': 'bytes',
22 silly get     date: 'Mon, 22 Jan 2018 12:34:44 GMT',
22 silly get     via: '1.1 varnish',
22 silly get     age: '6558',
22 silly get     connection: 'keep-alive',
22 silly get     'x-served-by': 'cache-hnd18728-HND',
22 silly get     'x-cache': 'HIT',
22 silly get     'x-cache-hits': '3',
22 silly get     'x-timer': 'S1516624484.151937,VS0,VE0',
22 silly get     vary: 'Accept-Encoding, Accept' } ]
23 verbose get saving hexo-cli to /Users/Min/.npm/registry.npmjs.org/hexo-cli/.cache.json
24 silly addNameRange number 2 { name: 'hexo-cli', range: '*', hasData: true }
25 silly addNameRange versions [ 'hexo-cli',
25 silly addNameRange   [ '0.0.1',
25 silly addNameRange     '0.1.0',
25 silly addNameRange     '0.1.1',
25 silly addNameRange     '0.1.2',
25 silly addNameRange     '0.1.3',
25 silly addNameRange     '0.1.4',
25 silly addNameRange     '0.1.5',
25 silly addNameRange     '0.1.6',
25 silly addNameRange     '0.1.7',
25 silly addNameRange     '0.1.8',
25 silly addNameRange     '0.1.9',
25 silly addNameRange     '0.2.0',
25 silly addNameRange     '0.2.1',
25 silly addNameRange     '1.0.0',
25 silly addNameRange     '1.0.1',
25 silly addNameRange     '1.0.2',
25 silly addNameRange     '1.0.3',
25 silly addNameRange     '1.0.4' ] ]
26 verbose addNamed hexo-cli@1.0.4
27 silly addNamed semver.valid 1.0.4
28 silly addNamed semver.validRange 1.0.4
29 silly mapToRegistry name hexo-cli
30 silly mapToRegistry using default registry
31 silly mapToRegistry registry https://registry.npmjs.org/
32 silly mapToRegistry uri https://registry.npmjs.org/hexo-cli
33 verbose addRemoteTarball https://registry.npmjs.org/hexo-cli/-/hexo-cli-1.0.4.tgz not in flight; adding
34 verbose addRemoteTarball [ 'https://registry.npmjs.org/hexo-cli/-/hexo-cli-1.0.4.tgz',
34 verbose addRemoteTarball   'c8f1421ec24209d8ffc7bfeea496ab99f34191e1' ]
35 info retry fetch attempt 1 at 21:39:58
36 info attempt registry request try #1 at 21:39:58
37 http fetch GET https://registry.npmjs.org/hexo-cli/-/hexo-cli-1.0.4.tgz
38 http fetch 200 https://registry.npmjs.org/hexo-cli/-/hexo-cli-1.0.4.tgz
39 silly fetchAndShaCheck shasum c8f1421ec24209d8ffc7bfeea496ab99f34191e1
40 verbose addTmpTarball /var/folders/mv/m2xd33pj77x0t_kb4rh_3l1m0000gn/T/npm-53495-1bcca8e2/registry.npmjs.org/hexo-cli/-/hexo-cli-1.0.4.tgz not in flight; adding
41 verbose addTmpTarball already have metadata; skipping unpack for hexo-cli@1.0.4
42 silly cache afterAdd hexo-cli@1.0.4
43 verbose afterAdd /Users/Min/.npm/hexo-cli/1.0.4/package/package.json not in flight; writing
44 verbose afterAdd /Users/Min/.npm/hexo-cli/1.0.4/package/package.json written
45 silly install resolved [ { name: 'hexo-cli',
45 silly install resolved     version: '1.0.4',
45 silly install resolved     description: 'Command line interface for Hexo',
45 silly install resolved     main: 'lib/hexo',
45 silly install resolved     bin: { hexo: './bin/hexo' },
45 silly install resolved     scripts:
45 silly install resolved      { eslint: 'eslint .',
45 silly install resolved        jscs: 'jscs .',
45 silly install resolved        test: 'mocha test/index.js',
45 silly install resolved        'test-cov': 'istanbul cover --print both _mocha -- test/index.js' },
45 silly install resolved     directories: { lib: './lib', bin: './bin' },
45 silly install resolved     repository:
45 silly install resolved      { type: 'git',
45 silly install resolved        url: 'git+https://github.com/hexojs/hexo-cli.git' },
45 silly install resolved     homepage: 'https://hexo.io/',
45 silly install resolved     keywords: [ 'website', 'blog', 'cms', 'framework', 'hexo', 'cli' ],
45 silly install resolved     author:
45 silly install resolved      { name: 'Tommy Chen',
45 silly install resolved        email: 'tommy351@gmail.com',
45 silly install resolved        url: 'http://zespia.tw' },
45 silly install resolved     maintainers: [ [Object], [Object], [Object], [Object] ],
45 silly install resolved     license: 'MIT',
45 silly install resolved     dependencies:
45 silly install resolved      { abbrev: '^1.0.7',
45 silly install resolved        bluebird: '^3.4.0',
45 silly install resolved        chalk: '^1.1.3',
45 silly install resolved        'hexo-fs': '^0.2.0',
45 silly install resolved        'hexo-log': '^0.2.0',
45 silly install resolved        'hexo-util': '^0.6.0',
45 silly install resolved        minimist: '^1.2.0',
45 silly install resolved        'object-assign': '^4.1.0',
45 silly install resolved        tildify: '^1.2.0',
45 silly install resolved        'command-exists': '^1.2.0' },
45 silly install resolved     devDependencies:
45 silly install resolved      { chai: '^3.5.0',
45 silly install resolved        'chai-as-promised': '^5.3.0',
45 silly install resolved        eslint: '^2.12.0',
45 silly install resolved        'eslint-config-hexo': '^1.0.3',
45 silly install resolved        'hexo-renderer-marked': '^0.2.10',
45 silly install resolved        istanbul: '^0.4.3',
45 silly install resolved        jscs: '^3.0.4',
45 silly install resolved        'jscs-preset-hexo': '^1.0.1',
45 silly install resolved        mocha: '^2.5.3',
45 silly install resolved        proxyquire: '^1.7.9',
45 silly install resolved        rewire: '^2.5.1',
45 silly install resolved        sinon: '^1.17.4' },
45 silly install resolved     gitHead: '1ad51cbf2afd54e7d089ca46f2988ddb641a703e',
45 silly install resolved     bugs: { url: 'https://github.com/hexojs/hexo-cli/issues' },
45 silly install resolved     _id: 'hexo-cli@1.0.4',
45 silly install resolved     _npmVersion: '5.1.0',
45 silly install resolved     _nodeVersion: '8.8.1',
45 silly install resolved     _npmUser: { name: 'jlhwung', email: 'i@jhuang.me' },
45 silly install resolved     dist:
45 silly install resolved      { integrity: 'sha512-X4YxBfuwRjCFF2fCAdmuLo/5IKruZCYc/kRaiVfPsTYFvvaBvsBTZBDhB8t4MOQv3QqoYMld9bGRLnd9NiEsFg==',
45 silly install resolved        shasum: 'c8f1421ec24209d8ffc7bfeea496ab99f34191e1',
45 silly install resolved        tarball: 'https://registry.npmjs.org/hexo-cli/-/hexo-cli-1.0.4.tgz' },
45 silly install resolved     _npmOperationalInternal:
45 silly install resolved      { host: 's3://npm-registry-packages',
45 silly install resolved        tmp: 'tmp/hexo-cli-1.0.4.tgz_1509243290649_0.6395134699996561' },
45 silly install resolved     _shasum: 'c8f1421ec24209d8ffc7bfeea496ab99f34191e1',
45 silly install resolved     _resolved: 'https://registry.npmjs.org/hexo-cli/-/hexo-cli-1.0.4.tgz',
45 silly install resolved     _from: 'hexo-cli@*' } ]
46 info install hexo-cli@1.0.4 into /usr/local/lib
47 info installOne hexo-cli@1.0.4
48 verbose installOne of hexo-cli to /usr/local/lib not in flight; installing
49 warn locking Error: EACCES, open '/Users/Min/.npm/_locks/hexo-cli-d89d95637eeaa0d8.lock'
49 warn locking     at Error (native)
49 warn locking  /Users/Min/.npm/_locks/hexo-cli-d89d95637eeaa0d8.lock failed { [Error: EACCES, open '/Users/Min/.npm/_locks/hexo-cli-d89d95637eeaa0d8.lock']
49 warn locking   errno: -13,
49 warn locking   code: 'EACCES',
49 warn locking   path: '/Users/Min/.npm/_locks/hexo-cli-d89d95637eeaa0d8.lock' }
50 verbose stack Error: Attempt to unlock /usr/local/lib/node_modules/hexo-cli, which hasn't been locked
50 verbose stack     at unlock (/usr/local/lib/node_modules/npm/lib/utils/locker.js:66:11)
50 verbose stack     at cb (/usr/local/lib/node_modules/npm/lib/install.js:929:5)
50 verbose stack     at /usr/local/lib/node_modules/npm/lib/install.js:933:20
50 verbose stack     at /usr/local/lib/node_modules/npm/lib/utils/locker.js:40:9
50 verbose stack     at cb (/usr/local/lib/node_modules/npm/node_modules/lockfile/lockfile.js:149:38)
50 verbose stack     at /usr/local/lib/node_modules/npm/node_modules/lockfile/lockfile.js:177:38
50 verbose stack     at FSReqWrap.oncomplete (fs.js:99:15)
51 verbose cwd /Users/Min/parkmin.github.io
52 error Darwin 14.5.0
53 error argv "node" "/usr/local/bin/npm" "install" "hexo-cli" "-g"
54 error node v0.12.0
55 error npm  v2.5.1
56 error Attempt to unlock /usr/local/lib/node_modules/hexo-cli, which hasn't been locked
57 error If you need help, you may report this error at:
57 error     <http://github.com/npm/npm/issues>
58 verbose exit [ 1, true ]
